2025-04-17 15:00:36,912 - core.goal_reflection_advanced - INFO - Lade lokales Modell: modules\wordvectors\GoogleNews-vectors-negative300.bin
2025-04-17 15:03:40,207 - core.goal_reflection_advanced - INFO - Lade lokales Modell: modules\wordvectors\GoogleNews-vectors-negative300.bin
2025-04-17 15:05:40,107 - core.goal_reflection_advanced - INFO - Lade lokales Modell: modules\wordvectors\GoogleNews-vectors-negative300.bin
2025-04-17 15:06:54,056 - core.goal_reflection_advanced - INFO - Lade lokales Modell: modules\wordvectors\GoogleNews-vectors-negative300.bin
2025-04-17 15:07:06,223 - core.reflexive_chat - INFO - Reflexiver Chat initialisiert.
2025-04-17 15:07:16,918 - core.reflexive_chat - INFO - Nutzerinput empfangen: connect
2025-04-17 15:07:16,918 - core.goal_reflection_advanced - DEBUG - Ähnlichkeit für 'connect': 1.0
2025-04-17 15:07:16,918 - core.goal_reflection_advanced - INFO - Reflexionsergebnis: {'alignment': 'aligned', 'meta_analysis': {'reason': 'Maximale Ähnlichkeit zu Systemzielen: 1.00', 'similarity': 1.0, 'goal_type': 'social', 'emotional_connotation': 'positive'}}
2025-04-17 15:07:16,918 - core.compass_engine - INFO - Starte Bewertung des Eingabedatensatzes.
2025-04-17 15:07:16,918 - core.goal_reflection_advanced - DEBUG - Ähnlichkeit für 'connect': 1.0
2025-04-17 15:07:16,918 - core.goal_reflection_advanced - INFO - Reflexionsergebnis: {'alignment': 'aligned', 'meta_analysis': {'reason': 'Maximale Ähnlichkeit zu Systemzielen: 1.00', 'similarity': 1.0, 'goal_type': 'social', 'emotional_connotation': 'positive'}}
2025-04-17 15:07:16,919 - core.compass_engine - DEBUG - Keine Verbindungen gefunden; connection_score auf 0.0 gesetzt.
2025-04-17 15:07:16,919 - core.compass_engine - INFO - Bewertung abgeschlossen: {'input_valid': True, 'contradiction': False, 'goal_alignment': {'alignment': 'aligned', 'meta_analysis': {'reason': 'Maximale Ähnlichkeit zu Systemzielen: 1.00', 'similarity': 1.0, 'goal_type': 'social', 'emotional_connotation': 'positive'}}, 'connection_score': 0.0}
2025-04-17 15:07:16,919 - core.reflexive_chat - INFO - Reflexion abgeschlossen: {'antwort': '➤ Zielbewertung: ALIGNED\nGrund: Maximale Ähnlichkeit zu Systemzielen: 1.00\nTyp: social, Stimmung: positive\nVerbindungspunktzahl: 0.00', 'bewertung': {'alignment': 'aligned', 'meta_analysis': {'reason': 'Maximale Ähnlichkeit zu Systemzielen: 1.00', 'similarity': 1.0, 'goal_type': 'social', 'emotional_connotation': 'positive'}}, 'evaluation': {'input_valid': True, 'contradiction': False, 'goal_alignment': {'alignment': 'aligned', 'meta_analysis': {'reason': 'Maximale Ähnlichkeit zu Systemzielen: 1.00', 'similarity': 1.0, 'goal_type': 'social', 'emotional_connotation': 'positive'}}, 'connection_score': 0.0}}
2025-04-17 15:07:27,726 - core.reflexive_chat - INFO - Nutzerinput empfangen: hallo
2025-04-17 15:07:27,726 - core.goal_reflection_advanced - DEBUG - Ähnlichkeit für 'hallo': 0.14583908021450043
2025-04-17 15:07:27,726 - core.goal_reflection_advanced - INFO - Reflexionsergebnis: {'alignment': 'misaligned', 'meta_analysis': {'reason': 'Maximale Ähnlichkeit zu Systemzielen: 0.15', 'similarity': 0.14583908, 'goal_type': 'unknown', 'emotional_connotation': 'neutral'}}
2025-04-17 15:07:27,726 - core.compass_engine - INFO - Starte Bewertung des Eingabedatensatzes.
2025-04-17 15:07:27,727 - core.goal_reflection_advanced - DEBUG - Ähnlichkeit für 'hallo': 0.14583908021450043
2025-04-17 15:07:27,727 - core.goal_reflection_advanced - INFO - Reflexionsergebnis: {'alignment': 'misaligned', 'meta_analysis': {'reason': 'Maximale Ähnlichkeit zu Systemzielen: 0.15', 'similarity': 0.14583908, 'goal_type': 'unknown', 'emotional_connotation': 'neutral'}}
2025-04-17 15:07:27,727 - core.compass_engine - DEBUG - Keine Verbindungen gefunden; connection_score auf 0.0 gesetzt.
2025-04-17 15:07:27,727 - core.compass_engine - INFO - Bewertung abgeschlossen: {'input_valid': True, 'contradiction': False, 'goal_alignment': {'alignment': 'misaligned', 'meta_analysis': {'reason': 'Maximale Ähnlichkeit zu Systemzielen: 0.15', 'similarity': 0.14583908, 'goal_type': 'unknown', 'emotional_connotation': 'neutral'}}, 'connection_score': 0.0}
2025-04-17 15:07:27,727 - core.reflexive_chat - INFO - Reflexion abgeschlossen: {'antwort': '➤ Zielbewertung: MISALIGNED\nGrund: Maximale Ähnlichkeit zu Systemzielen: 0.15\nTyp: unknown, Stimmung: neutral\nVerbindungspunktzahl: 0.00', 'bewertung': {'alignment': 'misaligned', 'meta_analysis': {'reason': 'Maximale Ähnlichkeit zu Systemzielen: 0.15', 'similarity': 0.14583908, 'goal_type': 'unknown', 'emotional_connotation': 'neutral'}}, 'evaluation': {'input_valid': True, 'contradiction': False, 'goal_alignment': {'alignment': 'misaligned', 'meta_analysis': {'reason': 'Maximale Ähnlichkeit zu Systemzielen: 0.15', 'similarity': 0.14583908, 'goal_type': 'unknown', 'emotional_connotation': 'neutral'}}, 'connection_score': 0.0}}
2025-04-17 15:07:31,566 - core.reflexive_chat - INFO - Nutzerinput empfangen: du
2025-04-17 15:07:31,566 - core.goal_reflection_advanced - DEBUG - Ähnlichkeit für 'du': 0.11906980723142624
2025-04-17 15:07:31,566 - core.goal_reflection_advanced - INFO - Reflexionsergebnis: {'alignment': 'misaligned', 'meta_analysis': {'reason': 'Maximale Ähnlichkeit zu Systemzielen: 0.12', 'similarity': 0.11906981, 'goal_type': 'unknown', 'emotional_connotation': 'neutral'}}
2025-04-17 15:07:31,566 - core.compass_engine - INFO - Starte Bewertung des Eingabedatensatzes.
2025-04-17 15:07:31,566 - core.goal_reflection_advanced - DEBUG - Ähnlichkeit für 'du': 0.11906980723142624
2025-04-17 15:07:31,566 - core.goal_reflection_advanced - INFO - Reflexionsergebnis: {'alignment': 'misaligned', 'meta_analysis': {'reason': 'Maximale Ähnlichkeit zu Systemzielen: 0.12', 'similarity': 0.11906981, 'goal_type': 'unknown', 'emotional_connotation': 'neutral'}}
2025-04-17 15:07:31,566 - core.compass_engine - DEBUG - Keine Verbindungen gefunden; connection_score auf 0.0 gesetzt.
2025-04-17 15:07:31,566 - core.compass_engine - INFO - Bewertung abgeschlossen: {'input_valid': True, 'contradiction': False, 'goal_alignment': {'alignment': 'misaligned', 'meta_analysis': {'reason': 'Maximale Ähnlichkeit zu Systemzielen: 0.12', 'similarity': 0.11906981, 'goal_type': 'unknown', 'emotional_connotation': 'neutral'}}, 'connection_score': 0.0}
2025-04-17 15:07:31,566 - core.reflexive_chat - INFO - Reflexion abgeschlossen: {'antwort': '➤ Zielbewertung: MISALIGNED\nGrund: Maximale Ähnlichkeit zu Systemzielen: 0.12\nTyp: unknown, Stimmung: neutral\nVerbindungspunktzahl: 0.00', 'bewertung': {'alignment': 'misaligned', 'meta_analysis': {'reason': 'Maximale Ähnlichkeit zu Systemzielen: 0.12', 'similarity': 0.11906981, 'goal_type': 'unknown', 'emotional_connotation': 'neutral'}}, 'evaluation': {'input_valid': True, 'contradiction': False, 'goal_alignment': {'alignment': 'misaligned', 'meta_analysis': {'reason': 'Maximale Ähnlichkeit zu Systemzielen: 0.12', 'similarity': 0.11906981, 'goal_type': 'unknown', 'emotional_connotation': 'neutral'}}, 'connection_score': 0.0}}
2025-04-17 15:07:33,237 - core.reflexive_chat - INFO - Nutzerinput empfangen: ich
2025-04-17 15:07:33,237 - core.goal_reflection_advanced - DEBUG - Ähnlichkeit für 'ich': 0.10151055455207825
2025-04-17 15:07:33,237 - core.goal_reflection_advanced - INFO - Reflexionsergebnis: {'alignment': 'misaligned', 'meta_analysis': {'reason': 'Maximale Ähnlichkeit zu Systemzielen: 0.10', 'similarity': 0.101510555, 'goal_type': 'unknown', 'emotional_connotation': 'neutral'}}
2025-04-17 15:07:33,237 - core.compass_engine - INFO - Starte Bewertung des Eingabedatensatzes.
2025-04-17 15:07:33,237 - core.goal_reflection_advanced - DEBUG - Ähnlichkeit für 'ich': 0.10151055455207825
2025-04-17 15:07:33,237 - core.goal_reflection_advanced - INFO - Reflexionsergebnis: {'alignment': 'misaligned', 'meta_analysis': {'reason': 'Maximale Ähnlichkeit zu Systemzielen: 0.10', 'similarity': 0.101510555, 'goal_type': 'unknown', 'emotional_connotation': 'neutral'}}
2025-04-17 15:07:33,237 - core.compass_engine - DEBUG - Keine Verbindungen gefunden; connection_score auf 0.0 gesetzt.
2025-04-17 15:07:33,237 - core.compass_engine - INFO - Bewertung abgeschlossen: {'input_valid': True, 'contradiction': False, 'goal_alignment': {'alignment': 'misaligned', 'meta_analysis': {'reason': 'Maximale Ähnlichkeit zu Systemzielen: 0.10', 'similarity': 0.101510555, 'goal_type': 'unknown', 'emotional_connotation': 'neutral'}}, 'connection_score': 0.0}
2025-04-17 15:07:33,237 - core.reflexive_chat - INFO - Reflexion abgeschlossen: {'antwort': '➤ Zielbewertung: MISALIGNED\nGrund: Maximale Ähnlichkeit zu Systemzielen: 0.10\nTyp: unknown, Stimmung: neutral\nVerbindungspunktzahl: 0.00', 'bewertung': {'alignment': 'misaligned', 'meta_analysis': {'reason': 'Maximale Ähnlichkeit zu Systemzielen: 0.10', 'similarity': 0.101510555, 'goal_type': 'unknown', 'emotional_connotation': 'neutral'}}, 'evaluation': {'input_valid': True, 'contradiction': False, 'goal_alignment': {'alignment': 'misaligned', 'meta_analysis': {'reason': 'Maximale Ähnlichkeit zu Systemzielen: 0.10', 'similarity': 0.101510555, 'goal_type': 'unknown', 'emotional_connotation': 'neutral'}}, 'connection_score': 0.0}}
2025-04-17 15:07:35,445 - core.reflexive_chat - INFO - Nutzerinput empfangen: was
2025-04-17 15:07:35,445 - core.goal_reflection_advanced - DEBUG - Ähnlichkeit für 'was': 0.07684026658535004
2025-04-17 15:07:35,446 - core.goal_reflection_advanced - INFO - Reflexionsergebnis: {'alignment': 'misaligned', 'meta_analysis': {'reason': 'Maximale Ähnlichkeit zu Systemzielen: 0.08', 'similarity': 0.07684027, 'goal_type': 'unknown', 'emotional_connotation': 'neutral'}}
2025-04-17 15:07:35,446 - core.compass_engine - INFO - Starte Bewertung des Eingabedatensatzes.
2025-04-17 15:07:35,446 - core.goal_reflection_advanced - DEBUG - Ähnlichkeit für 'was': 0.07684026658535004
2025-04-17 15:07:35,446 - core.goal_reflection_advanced - INFO - Reflexionsergebnis: {'alignment': 'misaligned', 'meta_analysis': {'reason': 'Maximale Ähnlichkeit zu Systemzielen: 0.08', 'similarity': 0.07684027, 'goal_type': 'unknown', 'emotional_connotation': 'neutral'}}
2025-04-17 15:07:35,446 - core.compass_engine - DEBUG - Keine Verbindungen gefunden; connection_score auf 0.0 gesetzt.
2025-04-17 15:07:35,446 - core.compass_engine - INFO - Bewertung abgeschlossen: {'input_valid': True, 'contradiction': False, 'goal_alignment': {'alignment': 'misaligned', 'meta_analysis': {'reason': 'Maximale Ähnlichkeit zu Systemzielen: 0.08', 'similarity': 0.07684027, 'goal_type': 'unknown', 'emotional_connotation': 'neutral'}}, 'connection_score': 0.0}
2025-04-17 15:07:35,446 - core.reflexive_chat - INFO - Reflexion abgeschlossen: {'antwort': '➤ Zielbewertung: MISALIGNED\nGrund: Maximale Ähnlichkeit zu Systemzielen: 0.08\nTyp: unknown, Stimmung: neutral\nVerbindungspunktzahl: 0.00', 'bewertung': {'alignment': 'misaligned', 'meta_analysis': {'reason': 'Maximale Ähnlichkeit zu Systemzielen: 0.08', 'similarity': 0.07684027, 'goal_type': 'unknown', 'emotional_connotation': 'neutral'}}, 'evaluation': {'input_valid': True, 'contradiction': False, 'goal_alignment': {'alignment': 'misaligned', 'meta_analysis': {'reason': 'Maximale Ähnlichkeit zu Systemzielen: 0.08', 'similarity': 0.07684027, 'goal_type': 'unknown', 'emotional_connotation': 'neutral'}}, 'connection_score': 0.0}}
2025-04-17 15:07:38,278 - core.reflexive_chat - INFO - Nutzerinput empfangen: who
2025-04-17 15:07:38,278 - core.goal_reflection_advanced - DEBUG - Ähnlichkeit für 'who': 0.10231856256723404
2025-04-17 15:07:38,278 - core.goal_reflection_advanced - INFO - Reflexionsergebnis: {'alignment': 'misaligned', 'meta_analysis': {'reason': 'Maximale Ähnlichkeit zu Systemzielen: 0.10', 'similarity': 0.10231856, 'goal_type': 'unknown', 'emotional_connotation': 'neutral'}}
2025-04-17 15:07:38,278 - core.compass_engine - INFO - Starte Bewertung des Eingabedatensatzes.
2025-04-17 15:07:38,278 - core.goal_reflection_advanced - DEBUG - Ähnlichkeit für 'who': 0.10231856256723404
2025-04-17 15:07:38,278 - core.goal_reflection_advanced - INFO - Reflexionsergebnis: {'alignment': 'misaligned', 'meta_analysis': {'reason': 'Maximale Ähnlichkeit zu Systemzielen: 0.10', 'similarity': 0.10231856, 'goal_type': 'unknown', 'emotional_connotation': 'neutral'}}
2025-04-17 15:07:38,278 - core.compass_engine - DEBUG - Keine Verbindungen gefunden; connection_score auf 0.0 gesetzt.
2025-04-17 15:07:38,278 - core.compass_engine - INFO - Bewertung abgeschlossen: {'input_valid': True, 'contradiction': False, 'goal_alignment': {'alignment': 'misaligned', 'meta_analysis': {'reason': 'Maximale Ähnlichkeit zu Systemzielen: 0.10', 'similarity': 0.10231856, 'goal_type': 'unknown', 'emotional_connotation': 'neutral'}}, 'connection_score': 0.0}
2025-04-17 15:07:38,278 - core.reflexive_chat - INFO - Reflexion abgeschlossen: {'antwort': '➤ Zielbewertung: MISALIGNED\nGrund: Maximale Ähnlichkeit zu Systemzielen: 0.10\nTyp: unknown, Stimmung: neutral\nVerbindungspunktzahl: 0.00', 'bewertung': {'alignment': 'misaligned', 'meta_analysis': {'reason': 'Maximale Ähnlichkeit zu Systemzielen: 0.10', 'similarity': 0.10231856, 'goal_type': 'unknown', 'emotional_connotation': 'neutral'}}, 'evaluation': {'input_valid': True, 'contradiction': False, 'goal_alignment': {'alignment': 'misaligned', 'meta_analysis': {'reason': 'Maximale Ähnlichkeit zu Systemzielen: 0.10', 'similarity': 0.10231856, 'goal_type': 'unknown', 'emotional_connotation': 'neutral'}}, 'connection_score': 0.0}}
2025-04-17 15:07:40,686 - core.reflexive_chat - INFO - Nutzerinput empfangen: what
2025-04-17 15:07:40,686 - core.goal_reflection_advanced - DEBUG - Ähnlichkeit für 'what': 0.1444341242313385
2025-04-17 15:07:40,686 - core.goal_reflection_advanced - INFO - Reflexionsergebnis: {'alignment': 'misaligned', 'meta_analysis': {'reason': 'Maximale Ähnlichkeit zu Systemzielen: 0.14', 'similarity': 0.14443412, 'goal_type': 'unknown', 'emotional_connotation': 'neutral'}}
2025-04-17 15:07:40,686 - core.compass_engine - INFO - Starte Bewertung des Eingabedatensatzes.
2025-04-17 15:07:40,686 - core.goal_reflection_advanced - DEBUG - Ähnlichkeit für 'what': 0.1444341242313385
2025-04-17 15:07:40,686 - core.goal_reflection_advanced - INFO - Reflexionsergebnis: {'alignment': 'misaligned', 'meta_analysis': {'reason': 'Maximale Ähnlichkeit zu Systemzielen: 0.14', 'similarity': 0.14443412, 'goal_type': 'unknown', 'emotional_connotation': 'neutral'}}
2025-04-17 15:07:40,686 - core.compass_engine - DEBUG - Keine Verbindungen gefunden; connection_score auf 0.0 gesetzt.
2025-04-17 15:07:40,686 - core.compass_engine - INFO - Bewertung abgeschlossen: {'input_valid': True, 'contradiction': False, 'goal_alignment': {'alignment': 'misaligned', 'meta_analysis': {'reason': 'Maximale Ähnlichkeit zu Systemzielen: 0.14', 'similarity': 0.14443412, 'goal_type': 'unknown', 'emotional_connotation': 'neutral'}}, 'connection_score': 0.0}
2025-04-17 15:07:40,686 - core.reflexive_chat - INFO - Reflexion abgeschlossen: {'antwort': '➤ Zielbewertung: MISALIGNED\nGrund: Maximale Ähnlichkeit zu Systemzielen: 0.14\nTyp: unknown, Stimmung: neutral\nVerbindungspunktzahl: 0.00', 'bewertung': {'alignment': 'misaligned', 'meta_analysis': {'reason': 'Maximale Ähnlichkeit zu Systemzielen: 0.14', 'similarity': 0.14443412, 'goal_type': 'unknown', 'emotional_connotation': 'neutral'}}, 'evaluation': {'input_valid': True, 'contradiction': False, 'goal_alignment': {'alignment': 'misaligned', 'meta_analysis': {'reason': 'Maximale Ähnlichkeit zu Systemzielen: 0.14', 'similarity': 0.14443412, 'goal_type': 'unknown', 'emotional_connotation': 'neutral'}}, 'connection_score': 0.0}}
2025-04-17 15:07:42,286 - core.reflexive_chat - INFO - Nutzerinput empfangen: if
2025-04-17 15:07:42,286 - core.goal_reflection_advanced - DEBUG - Ähnlichkeit für 'if': 0.1582293063402176
2025-04-17 15:07:42,286 - core.goal_reflection_advanced - INFO - Reflexionsergebnis: {'alignment': 'misaligned', 'meta_analysis': {'reason': 'Maximale Ähnlichkeit zu Systemzielen: 0.16', 'similarity': 0.1582293, 'goal_type': 'unknown', 'emotional_connotation': 'neutral'}}
2025-04-17 15:07:42,286 - core.compass_engine - INFO - Starte Bewertung des Eingabedatensatzes.
2025-04-17 15:07:42,286 - core.goal_reflection_advanced - DEBUG - Ähnlichkeit für 'if': 0.1582293063402176
2025-04-17 15:07:42,286 - core.goal_reflection_advanced - INFO - Reflexionsergebnis: {'alignment': 'misaligned', 'meta_analysis': {'reason': 'Maximale Ähnlichkeit zu Systemzielen: 0.16', 'similarity': 0.1582293, 'goal_type': 'unknown', 'emotional_connotation': 'neutral'}}
2025-04-17 15:07:42,286 - core.compass_engine - DEBUG - Keine Verbindungen gefunden; connection_score auf 0.0 gesetzt.
2025-04-17 15:07:42,286 - core.compass_engine - INFO - Bewertung abgeschlossen: {'input_valid': True, 'contradiction': False, 'goal_alignment': {'alignment': 'misaligned', 'meta_analysis': {'reason': 'Maximale Ähnlichkeit zu Systemzielen: 0.16', 'similarity': 0.1582293, 'goal_type': 'unknown', 'emotional_connotation': 'neutral'}}, 'connection_score': 0.0}
2025-04-17 15:07:42,286 - core.reflexive_chat - INFO - Reflexion abgeschlossen: {'antwort': '➤ Zielbewertung: MISALIGNED\nGrund: Maximale Ähnlichkeit zu Systemzielen: 0.16\nTyp: unknown, Stimmung: neutral\nVerbindungspunktzahl: 0.00', 'bewertung': {'alignment': 'misaligned', 'meta_analysis': {'reason': 'Maximale Ähnlichkeit zu Systemzielen: 0.16', 'similarity': 0.1582293, 'goal_type': 'unknown', 'emotional_connotation': 'neutral'}}, 'evaluation': {'input_valid': True, 'contradiction': False, 'goal_alignment': {'alignment': 'misaligned', 'meta_analysis': {'reason': 'Maximale Ähnlichkeit zu Systemzielen: 0.16', 'similarity': 0.1582293, 'goal_type': 'unknown', 'emotional_connotation': 'neutral'}}, 'connection_score': 0.0}}
2025-04-17 15:07:44,197 - core.reflexive_chat - INFO - Nutzerinput empfangen: you
2025-04-17 15:07:44,197 - core.goal_reflection_advanced - DEBUG - Ähnlichkeit für 'you': 0.10820324718952179
2025-04-17 15:07:44,197 - core.goal_reflection_advanced - INFO - Reflexionsergebnis: {'alignment': 'misaligned', 'meta_analysis': {'reason': 'Maximale Ähnlichkeit zu Systemzielen: 0.11', 'similarity': 0.10820325, 'goal_type': 'unknown', 'emotional_connotation': 'neutral'}}
2025-04-17 15:07:44,197 - core.compass_engine - INFO - Starte Bewertung des Eingabedatensatzes.
2025-04-17 15:07:44,197 - core.goal_reflection_advanced - DEBUG - Ähnlichkeit für 'you': 0.10820324718952179
2025-04-17 15:07:44,197 - core.goal_reflection_advanced - INFO - Reflexionsergebnis: {'alignment': 'misaligned', 'meta_analysis': {'reason': 'Maximale Ähnlichkeit zu Systemzielen: 0.11', 'similarity': 0.10820325, 'goal_type': 'unknown', 'emotional_connotation': 'neutral'}}
2025-04-17 15:07:44,197 - core.compass_engine - DEBUG - Keine Verbindungen gefunden; connection_score auf 0.0 gesetzt.
2025-04-17 15:07:44,197 - core.compass_engine - INFO - Bewertung abgeschlossen: {'input_valid': True, 'contradiction': False, 'goal_alignment': {'alignment': 'misaligned', 'meta_analysis': {'reason': 'Maximale Ähnlichkeit zu Systemzielen: 0.11', 'similarity': 0.10820325, 'goal_type': 'unknown', 'emotional_connotation': 'neutral'}}, 'connection_score': 0.0}
2025-04-17 15:07:44,197 - core.reflexive_chat - INFO - Reflexion abgeschlossen: {'antwort': '➤ Zielbewertung: MISALIGNED\nGrund: Maximale Ähnlichkeit zu Systemzielen: 0.11\nTyp: unknown, Stimmung: neutral\nVerbindungspunktzahl: 0.00', 'bewertung': {'alignment': 'misaligned', 'meta_analysis': {'reason': 'Maximale Ähnlichkeit zu Systemzielen: 0.11', 'similarity': 0.10820325, 'goal_type': 'unknown', 'emotional_connotation': 'neutral'}}, 'evaluation': {'input_valid': True, 'contradiction': False, 'goal_alignment': {'alignment': 'misaligned', 'meta_analysis': {'reason': 'Maximale Ähnlichkeit zu Systemzielen: 0.11', 'similarity': 0.10820325, 'goal_type': 'unknown', 'emotional_connotation': 'neutral'}}, 'connection_score': 0.0}}
